[24-May-2024 13:58:52] NOTICE: fpm is running, pid 9133
[24-May-2024 13:58:52] NOTICE: ready to handle connections
[24-May-2024 18:54:06] NOTICE: Terminating ...
[24-May-2024 18:54:06] NOTICE: Terminating ...
[24-May-2024 18:54:06] NOTICE: exiting, bye-bye!
[24-May-2024 18:54:40] NOTICE: fpm is running, pid 10741
[24-May-2024 18:54:40] NOTICE: ready to handle connections
[24-May-2024 20:11:53] NOTICE: Terminating ...
[24-May-2024 20:11:53] NOTICE: Terminating ...
[24-May-2024 20:11:53] NOTICE: exiting, bye-bye!
[27-May-2024 16:38:50] NOTICE: fpm is running, pid 12732
[27-May-2024 16:38:50] NOTICE: ready to handle connections
[30-May-2024 22:56:08] NOTICE: Terminating ...
[30-May-2024 22:56:08] NOTICE: Terminating ...
[30-May-2024 22:56:08] NOTICE: exiting, bye-bye!
[31-May-2024 14:37:12] NOTICE: fpm is running, pid 41330
[31-May-2024 14:37:12] NOTICE: ready to handle connections
[17-Jun-2024 14:14:43] NOTICE: Terminating ...
[17-Jun-2024 14:14:43] NOTICE: Terminating ...
[17-Jun-2024 14:14:43] NOTICE: exiting, bye-bye!
[27-Jun-2024 22:41:49] NOTICE: fpm is running, pid 91949
[27-Jun-2024 22:41:49] NOTICE: ready to handle connections
[27-Jun-2024 22:46:03] NOTICE: Terminating ...
[27-Jun-2024 22:46:03] NOTICE: Terminating ...
[27-Jun-2024 22:46:03] NOTICE: exiting, bye-bye!
[27-Jun-2024 22:46:07] NOTICE: fpm is running, pid 92337
[27-Jun-2024 22:46:07] NOTICE: ready to handle connections
[27-Jun-2024 23:31:12] NOTICE: Terminating ...
[27-Jun-2024 23:31:12] NOTICE: Terminating ...
[27-Jun-2024 23:31:12] NOTICE: exiting, bye-bye!
